[INFO]  24-Mar-10 18:35:58 [TestNG-test=CuraandInsecureTest-2] Hi user , Navigating to : https://expired.badssl.com 
[INFO]  24-Mar-10 18:35:58 [TestNG-test=CuraandInsecureTest-1] Hi User Navigating to Cura HealthCare HomePage 
[INFO]  24-Mar-10 18:36:11 [TestNG-test=CuraandInsecureTest-2] Hi user , Navigating to : https://wrong.host.badssl.com/ 
[INFO]  24-Mar-10 18:36:24 [TestNG-test=CuraandInsecureTest-2] Hi user , Navigating to : https://self-signed.badssl.com/ 
[WARN]  24-Mar-10 18:36:29 [TestNG-test=CuraandInsecureTest-1] Failed to Click: error: no such element: Unable to locate element: {"method":"xpath","selector":"//a[@id='btn-make-appointment']"}
  (Session info: chrome=122.0.6261.112)
For documentation on this error, please visit: https://www.selenium.dev/documentation/webdriver/troubleshooting/errors#no-such-element-exception
Build info: version: '4.17.0', revision: 'e52b1be057*'
System info: os.name: 'Windows 11', os.arch: 'amd64', os.version: '10.0', java.version: '17.0.2'
Driver info: org.openqa.selenium.chrome.ChromeDriver
Command: [b9c9adecf26e249e9bf9197c0c5830c7, findElement {value=//a[@id='btn-make-appointment'], using=xpath}]
Capabilities {acceptInsecureCerts: true, browserName: chrome, browserVersion: 122.0.6261.112, chrome: {chromedriverVersion: 122.0.6261.111 (9d4c1072da6..., userDataDir: C:\Users\ASUS\AppData\Local...}, fedcm:accounts: true, goog:chromeOptions: {debuggerAddress: localhost:55613}, networkConnectionEnabled: false, pageLoadStrategy: normal, platformName: windows, proxy: Proxy(), se:cdp: ws://localhost:55613/devtoo..., se:cdpVersion: 122.0.6261.112, setWindowRect: true, strictFileInteractability: false, timeouts: {implicit: 0, pageLoad: 300000, script: 30000}, unhandledPromptBehavior: dismiss and notify, webauthn:extension:credBlob: true, webauthn:extension:largeBlob: true, webauthn:extension:minPinLength: true, webauthn:extension:prf: true, webauthn:virtualAuthenticators: true}
Session ID: b9c9adecf26e249e9bf9197c0c5830c7 
[INFO]  24-Mar-10 18:36:37 [TestNG-test=CuraandInsecureTest-2] Hi user , Navigating to : https://untrusted-root.badssl.com/ 
[WARN]  24-Mar-10 18:36:39 [TestNG-test=CuraandInsecureTest-1] Failed to Click: error: no such element: Unable to locate element: {"method":"xpath","selector":"//button[@id='btn-login']"}
  (Session info: chrome=122.0.6261.112)
For documentation on this error, please visit: https://www.selenium.dev/documentation/webdriver/troubleshooting/errors#no-such-element-exception
Build info: version: '4.17.0', revision: 'e52b1be057*'
System info: os.name: 'Windows 11', os.arch: 'amd64', os.version: '10.0', java.version: '17.0.2'
Driver info: org.openqa.selenium.chrome.ChromeDriver
Command: [e6594e2098fceca78d673cea66598909, findElement {value=//button[@id='btn-login'], using=xpath}]
Capabilities {acceptInsecureCerts: true, browserName: chrome, browserVersion: 122.0.6261.112, chrome: {chromedriverVersion: 122.0.6261.111 (9d4c1072da6..., userDataDir: C:\Users\ASUS\AppData\Local...}, fedcm:accounts: true, goog:chromeOptions: {debuggerAddress: localhost:55633}, networkConnectionEnabled: false, pageLoadStrategy: normal, platformName: windows, proxy: Proxy(), se:cdp: ws://localhost:55633/devtoo..., se:cdpVersion: 122.0.6261.112, setWindowRect: true, strictFileInteractability: false, timeouts: {implicit: 0, pageLoad: 300000, script: 30000}, unhandledPromptBehavior: dismiss and notify, webauthn:extension:credBlob: true, webauthn:extension:largeBlob: true, webauthn:extension:minPinLength: true, webauthn:extension:prf: true, webauthn:virtualAuthenticators: true}
Session ID: e6594e2098fceca78d673cea66598909 
[INFO]  24-Mar-10 18:36:48 [TestNG-test=CuraandInsecureTest-2] Hi user , Navigating to : https://revoked.badssl.com/ 
[WARN]  24-Mar-10 18:36:50 [TestNG-test=CuraandInsecureTest-1] Seoul CURA Healthcare Center failed to select option 
[WARN]  24-Mar-10 18:36:56 [TestNG-test=CuraandInsecureTest-1] Failed to Click: error: no such element: Unable to locate element: {"method":"xpath","selector":"//input[@id='chk_hospotal_readmission']"}
  (Session info: chrome=122.0.6261.112)
For documentation on this error, please visit: https://www.selenium.dev/documentation/webdriver/troubleshooting/errors#no-such-element-exception
Build info: version: '4.17.0', revision: 'e52b1be057*'
System info: os.name: 'Windows 11', os.arch: 'amd64', os.version: '10.0', java.version: '17.0.2'
Driver info: org.openqa.selenium.chrome.ChromeDriver
Command: [2194ea618a592b0ecc24a4673ae06170, findElement {value=//input[@id='chk_hospotal_readmission'], using=xpath}]
Capabilities {acceptInsecureCerts: true, browserName: chrome, browserVersion: 122.0.6261.112, chrome: {chromedriverVersion: 122.0.6261.111 (9d4c1072da6..., userDataDir: C:\Users\ASUS\AppData\Local...}, fedcm:accounts: true, goog:chromeOptions: {debuggerAddress: localhost:55653}, networkConnectionEnabled: false, pageLoadStrategy: normal, platformName: windows, proxy: Proxy(), se:cdp: ws://localhost:55653/devtoo..., se:cdpVersion: 122.0.6261.112, setWindowRect: true, strictFileInteractability: false, timeouts: {implicit: 0, pageLoad: 300000, script: 30000}, unhandledPromptBehavior: dismiss and notify, webauthn:extension:credBlob: true, webauthn:extension:largeBlob: true, webauthn:extension:minPinLength: true, webauthn:extension:prf: true, webauthn:virtualAuthenticators: true}
Session ID: 2194ea618a592b0ecc24a4673ae06170 
[WARN]  24-Mar-10 18:36:56 [TestNG-test=CuraandInsecureTest-1] Failed to Click: error: no such element: Unable to locate element: {"method":"xpath","selector":"//input[@value='Medicaid']"}
  (Session info: chrome=122.0.6261.112)
For documentation on this error, please visit: https://www.selenium.dev/documentation/webdriver/troubleshooting/errors#no-such-element-exception
Build info: version: '4.17.0', revision: 'e52b1be057*'
System info: os.name: 'Windows 11', os.arch: 'amd64', os.version: '10.0', java.version: '17.0.2'
Driver info: org.openqa.selenium.chrome.ChromeDriver
Command: [2194ea618a592b0ecc24a4673ae06170, findElement {value=//input[@value='Medicaid'], using=xpath}]
Capabilities {acceptInsecureCerts: true, browserName: chrome, browserVersion: 122.0.6261.112, chrome: {chromedriverVersion: 122.0.6261.111 (9d4c1072da6..., userDataDir: C:\Users\ASUS\AppData\Local...}, fedcm:accounts: true, goog:chromeOptions: {debuggerAddress: localhost:55653}, networkConnectionEnabled: false, pageLoadStrategy: normal, platformName: windows, proxy: Proxy(), se:cdp: ws://localhost:55653/devtoo..., se:cdpVersion: 122.0.6261.112, setWindowRect: true, strictFileInteractability: false, timeouts: {implicit: 0, pageLoad: 300000, script: 30000}, unhandledPromptBehavior: dismiss and notify, webauthn:extension:credBlob: true, webauthn:extension:largeBlob: true, webauthn:extension:minPinLength: true, webauthn:extension:prf: true, webauthn:virtualAuthenticators: true}
Session ID: 2194ea618a592b0ecc24a4673ae06170 
[INFO]  24-Mar-10 18:36:56 [TestNG-test=CuraandInsecureTest-1] Hi User, Today is 10th of the Month 
[WARN]  24-Mar-10 18:36:56 [TestNG-test=CuraandInsecureTest-1] Failed to Click: error: no such element: Unable to locate element: {"method":"xpath","selector":"//input[@name='visit_date']"}
  (Session info: chrome=122.0.6261.112)
For documentation on this error, please visit: https://www.selenium.dev/documentation/webdriver/troubleshooting/errors#no-such-element-exception
Build info: version: '4.17.0', revision: 'e52b1be057*'
System info: os.name: 'Windows 11', os.arch: 'amd64', os.version: '10.0', java.version: '17.0.2'
Driver info: org.openqa.selenium.chrome.ChromeDriver
Command: [2194ea618a592b0ecc24a4673ae06170, findElement {value=//input[@name='visit_date'], using=xpath}]
Capabilities {acceptInsecureCerts: true, browserName: chrome, browserVersion: 122.0.6261.112, chrome: {chromedriverVersion: 122.0.6261.111 (9d4c1072da6..., userDataDir: C:\Users\ASUS\AppData\Local...}, fedcm:accounts: true, goog:chromeOptions: {debuggerAddress: localhost:55653}, networkConnectionEnabled: false, pageLoadStrategy: normal, platformName: windows, proxy: Proxy(), se:cdp: ws://localhost:55653/devtoo..., se:cdpVersion: 122.0.6261.112, setWindowRect: true, strictFileInteractability: false, timeouts: {implicit: 0, pageLoad: 300000, script: 30000}, unhandledPromptBehavior: dismiss and notify, webauthn:extension:credBlob: true, webauthn:extension:largeBlob: true, webauthn:extension:minPinLength: true, webauthn:extension:prf: true, webauthn:virtualAuthenticators: true}
Session ID: 2194ea618a592b0ecc24a4673ae06170 
[WARN]  24-Mar-10 18:36:58 [TestNG-test=CuraandInsecureTest-1] Failed to Click: error: invalid session id
Build info: version: '4.17.0', revision: 'e52b1be057*'
System info: os.name: 'Windows 11', os.arch: 'amd64', os.version: '10.0', java.version: '17.0.2'
Driver info: org.openqa.selenium.chrome.ChromeDriver
Command: [2194ea618a592b0ecc24a4673ae06170, findElements {value=//div[@class='datepicker-days']//tr/td[@class='day' and text()='17'], using=xpath}]
Capabilities {acceptInsecureCerts: true, browserName: chrome, browserVersion: 122.0.6261.112, chrome: {chromedriverVersion: 122.0.6261.111 (9d4c1072da6..., userDataDir: C:\Users\ASUS\AppData\Local...}, fedcm:accounts: true, goog:chromeOptions: {debuggerAddress: localhost:55653}, networkConnectionEnabled: false, pageLoadStrategy: normal, platformName: windows, proxy: Proxy(), se:cdp: ws://localhost:55653/devtoo..., se:cdpVersion: 122.0.6261.112, setWindowRect: true, strictFileInteractability: false, timeouts: {implicit: 0, pageLoad: 300000, script: 30000}, unhandledPromptBehavior: dismiss and notify, webauthn:extension:credBlob: true, webauthn:extension:largeBlob: true, webauthn:extension:minPinLength: true, webauthn:extension:prf: true, webauthn:virtualAuthenticators: true}
Session ID: 2194ea618a592b0ecc24a4673ae06170 
[WARN]  24-Mar-10 18:36:58 [TestNG-test=CuraandInsecureTest-1] Failed to Click: error: Error communicating with the remote browser. It may have died.
Build info: version: '4.17.0', revision: 'e52b1be057*'
System info: os.name: 'Windows 11', os.arch: 'amd64', os.version: '10.0', java.version: '17.0.2'
Driver info: org.openqa.selenium.chrome.ChromeDriver
Command: [2194ea618a592b0ecc24a4673ae06170, findElements [value, using]]
Capabilities {acceptInsecureCerts: true, browserName: chrome, browserVersion: 122.0.6261.112, chrome: {chromedriverVersion: 122.0.6261.111 (9d4c1072da6..., userDataDir: C:\Users\ASUS\AppData\Local...}, fedcm:accounts: true, goog:chromeOptions: {debuggerAddress: localhost:55653}, networkConnectionEnabled: false, pageLoadStrategy: normal, platformName: windows, proxy: Proxy(), se:cdp: ws://localhost:55653/devtoo..., se:cdpVersion: 122.0.6261.112, setWindowRect: true, strictFileInteractability: false, timeouts: {implicit: 0, pageLoad: 300000, script: 30000}, unhandledPromptBehavior: dismiss and notify, webauthn:extension:credBlob: true, webauthn:extension:largeBlob: true, webauthn:extension:minPinLength: true, webauthn:extension:prf: true, webauthn:virtualAuthenticators: true}
Session ID: 2194ea618a592b0ecc24a4673ae06170 
[WARN]  24-Mar-10 18:36:58 [TestNG-test=CuraandInsecureTest-1] Failed to Enter Text: error: Error communicating with the remote browser. It may have died.
Build info: version: '4.17.0', revision: 'e52b1be057*'
System info: os.name: 'Windows 11', os.arch: 'amd64', os.version: '10.0', java.version: '17.0.2'
Driver info: org.openqa.selenium.chrome.ChromeDriver
Command: [2194ea618a592b0ecc24a4673ae06170, findElements [value, using]]
Capabilities {acceptInsecureCerts: true, browserName: chrome, browserVersion: 122.0.6261.112, chrome: {chromedriverVersion: 122.0.6261.111 (9d4c1072da6..., userDataDir: C:\Users\ASUS\AppData\Local...}, fedcm:accounts: true, goog:chromeOptions: {debuggerAddress: localhost:55653}, networkConnectionEnabled: false, pageLoadStrategy: normal, platformName: windows, proxy: Proxy(), se:cdp: ws://localhost:55653/devtoo..., se:cdpVersion: 122.0.6261.112, setWindowRect: true, strictFileInteractability: false, timeouts: {implicit: 0, pageLoad: 300000, script: 30000}, unhandledPromptBehavior: dismiss and notify, webauthn:extension:credBlob: true, webauthn:extension:largeBlob: true, webauthn:extension:minPinLength: true, webauthn:extension:prf: true, webauthn:virtualAuthenticators: true}
Session ID: 2194ea618a592b0ecc24a4673ae06170 
[INFO]  24-Mar-10 18:37:00 [TestNG-test=CuraandInsecureTest-2] Hi user , Navigating to : https://pinning-test.badssl.com/ 
